<?xml version="1.0" encoding="UTF-8"?>
<!-- Generated by org.testng.reporters.JUnitReportReporter -->
<testsuite hostname="DESKTOP-84G6OOD" failures="0" tests="3" name="POM.CodeTest" time="6.977" errors="0" timestamp="2024-07-18T10:20:19 IST" skipped="0">
  <testcase classname="POM.CodeTest" name="admin" time="1.407"/>
  <system-out/>
  <testcase classname="POM.CodeTest" name="login" time="1.899"/>
  <system-out/>
  <testcase classname="POM.CodeTest" name="url" time="3.671"/>
  <system-out/>
</testsuite> <!-- POM.CodeTest -->
