<?xml version="1.0" encoding="UTF-8"?>
<!-- Generated by org.testng.reporters.JUnitReportReporter -->
<testsuite hostname="DESKTOP-84G6OOD" failures="0" tests="3" name="POM.CodeTest" time="6.118" errors="0" timestamp="2024-07-16T18:03:26 IST" skipped="0">
  <testcase classname="POM.CodeTest" name="url" time="2.959"/>
  <system-out/>
  <testcase classname="POM.CodeTest" name="admin" time="2.681"/>
  <system-out/>
  <testcase classname="POM.CodeTest" name="login" time="0.478"/>
  <system-out/>
</testsuite> <!-- POM.CodeTest -->
